Unity Player [version: Unity 4.3.4f1_e444f76e01cd]

Game.exe caused an Access Violation (0xc0000005)
  in module Game.exe at 0033:3f9fca7c.

Error occurred at 2014-02-19_005546.
C:\Users\Gio\Documents\New Unity Project 8\Game.exe, run by Gio.
42% memory in use.
8170 MB physical memory [4677 MB free].
16337 MB paging file [12028 MB free].
8388608 MB user address space [8388230 MB free].
Read from location ffffffff caused an access violation.

Context:
RDI:    0x02580198  RSI: 0x00000000  RAX:   0x00000002
RBX:    0x035950f8  RCX: 0x00000006  RDX:   0x0000000c
RIP:    0x3f9fca7c  RBP: 0x00000000  SegCs: 0x00000033
EFlags: 0x00010202  RSP: 0x001deaa0  SegSs: 0x0000002b
R8:    0x0000000f  R9: 0x025800b0  R10:   0x03371d60
R11:    0x001dea60  R12: 0x00000004  R13:   0x00000000
R14:    0x001df3d0  R15: 0x00000000

Bytes at CS:EIP:
0f 54 8c 24 88 01 00 00 44 0f 54 9c 24 88 01 00 Module 1
C:\Windows\system32\xinput1_3.dll
Image Base: 0x00400000  Image Size: 0x0001e000
File Size:  107368      File Time:  2007-04-04_085422
Version:
   Company:    Microsoft Corporation
   Product:    Microsoft® DirectX for Windows®
   FileDesc:   Microsoft Common Controller API
   FileVer:    9.18.944.0
   ProdVer:    9.18.944.0

Module 2
C:\Windows\system32\ksuser.dll
Image Base: 0x73c20000  Image Size: 0x00006000
File Size:  5120        File Time:  2009-07-13_174114
Version:
   Company:    Microsoft Corporation
   Product:    Microsoft® Windows® Operating System
   FileDesc:   User CSA Library
   FileVer:    6.1.7600.16385
   ProdVer:    6.1.7600.16385

Module 3
C:\Windows\system32\USER32.dll
Image Base: 0x77320000  Image Size: 0x000fa000
File Size:  1008128     File Time:  2010-11-20_192410
Version:
   Company:    Microsoft Corporation
   Product:    Microsoft® Windows® Operating System
   FileDesc:   Multi-User Windows USER API Client DLL
   FileVer:    6.1.7601.17514
   ProdVer:    6.1.7601.17514

Module 4
C:\Windows\system32\kernel32.dll
Image Base: 0x77420000  Image Size: 0x0011f000
File Size:  1161216     File Time:  2013-08-01_181336
Version:
   Company:    Microsoft Corporation
   Product:    Microsoft® Windows® Operating System
   FileDesc:   Windows NT BASE API Client DLL
   FileVer:    6.1.7601.18229
   ProdVer:    6.1.7601.18229

Module 5
C:\Windows\SYSTEM32\ntdll.dll
Image Base: 0x77540000  Image Size: 0x001a9000
File Size:  1732032     File Time:  2013-08-28_181636
Version:
   Company:    Microsoft Corporation
   Product:    Microsoft® Windows® Operating System
   FileDesc:   NT Layer DLL
   FileVer:    6.1.7601.18247
   ProdVer:    6.1.7601.18247

Module 6
C:\Windows\system32\PSAPI.DLL
Image Base: 0x77710000  Image Size: 0x00007000
File Size:  9216        File Time:  2009-07-13_174154
Version:
   Company:    Microsoft Corporation
   Product:    Microsoft® Windows® Operating System
   FileDesc:   Process Status Helper
   FileVer:    6.1.7600.16385
   ProdVer:    6.1.7600.16385


== [end of error.log] ==
